mi., 15 de feb. de 2023 12:35:23: 
 tests:  0|6
total_score: 0/70
7964391
Thu 30 Mar 2023 11:03:05 PM UTC: 
 arraylist.c | 4 +++-
 1 file changed, 3 insertions(+), 1 deletion(-)
 tests:  0|6
total_score: 0/70
96cc939
Thu 30 Mar 2023 11:06:16 PM UTC: 
 arraylist.c | 6 ++++++
 1 file changed, 6 insertions(+)
In file included from test.c:5:
arraylist.c: In function ‘createList’:
arraylist.c:19:16: error: expected ‘;’ before ‘return’
   19 |   array->size=0
      |                ^
      |                ;
   20 | 
   21 |   return array;
      |   ~~~~~~        
arraylist.c:23:1: error: control reaches end of non-void function [-Werror=return-type]
   23 | }
      | ^
cc1: all warnings being treated as errors
Compilation failed
78f0c3c
Thu 30 Mar 2023 11:06:23 PM UTC: 
 arraylist.c | 2 +-
 1 file changed, 1 insertion(+), 1 deletion(-)
 tests:  1|5
total_score: 10/70
4341c31
